2022-04-18 00:00:01,048 INFO 15780 [egg-logrotator] app logger reload: got log-reload message
2022-04-18 00:04:14,562 INFO 6404 [egg:logger] init all loggers with options: {"dir":"E:\\shopBackstage\\logs","encoding":"utf8","env":"local","level":"INFO","consoleLevel":"DEBUG","disableConsoleAfterReady":false,"outputJSON":false,"buffer":true,"appLogName":"shopBackstage-web.log","coreLogName":"egg-web.log","agentLogName":"egg-agent.log","errorLogName":"common-error.log","coreLogger":{"consoleLevel":"WARN"},"allowDebugAtProd":false,"enablePerformanceTimer":false,"type":"application"}
2022-04-18 00:04:14,591 INFO 6404 [egg-multipart] stream mode enable
2022-04-18 00:04:14,592 INFO 6404 [egg-mysql] connecting root@localhost:3306/kidsFurniture
2022-04-18 00:04:14,792 INFO 6404 [egg-static] starting static serve /public/ -> E:\shopBackstage\public
2022-04-18 00:04:14,795 INFO 6404 [egg-security] use methodnoallow middleware
2022-04-18 00:04:14,796 INFO 6404 [egg-security] use noopen middleware
2022-04-18 00:04:14,797 INFO 6404 [egg-security] use nosniff middleware
2022-04-18 00:04:14,797 INFO 6404 [egg-security] use xssProtection middleware
2022-04-18 00:04:14,798 INFO 6404 [egg-security] use xframe middleware
2022-04-18 00:04:14,799 INFO 6404 [egg-security] use dta middleware
2022-04-18 00:04:14,799 INFO 6404 [egg-security] compose 6 middlewares into one security middleware
2022-04-18 00:04:14,814 INFO 6404 [egg:core] dump config after load, 8ms
2022-04-18 00:04:14,841 INFO 6404 [egg-watcher:application] watcher start success
2022-04-18 00:04:14,844 INFO 6404 [egg-mysql] instance[0] status OK, rds currentTime: Mon Apr 18 2022 00:04:14 GMT+0800 (中国标准时间)
2022-04-18 00:04:14,853 INFO 6404 [egg:core] dump config after ready, 8ms
2022-04-18 00:04:23,198 INFO 12232 [egg:logger] init all loggers with options: {"dir":"E:\\shopBackstage\\logs","encoding":"utf8","env":"local","level":"INFO","consoleLevel":"DEBUG","disableConsoleAfterReady":false,"outputJSON":false,"buffer":true,"appLogName":"shopBackstage-web.log","coreLogName":"egg-web.log","agentLogName":"egg-agent.log","errorLogName":"common-error.log","coreLogger":{"consoleLevel":"WARN"},"allowDebugAtProd":false,"enablePerformanceTimer":false,"type":"application"}
2022-04-18 00:04:23,230 INFO 12232 [egg-multipart] stream mode enable
2022-04-18 00:04:23,232 INFO 12232 [egg-mysql] connecting root@localhost:3306/kidsFurniture
2022-04-18 00:04:23,376 INFO 12232 [egg-static] starting static serve /public/ -> E:\shopBackstage\public
2022-04-18 00:04:23,378 INFO 12232 [egg-security] use methodnoallow middleware
2022-04-18 00:04:23,379 INFO 12232 [egg-security] use noopen middleware
2022-04-18 00:04:23,380 INFO 12232 [egg-security] use nosniff middleware
2022-04-18 00:04:23,380 INFO 12232 [egg-security] use xssProtection middleware
2022-04-18 00:04:23,381 INFO 12232 [egg-security] use xframe middleware
2022-04-18 00:04:23,381 INFO 12232 [egg-security] use dta middleware
2022-04-18 00:04:23,381 INFO 12232 [egg-security] compose 6 middlewares into one security middleware
2022-04-18 00:04:23,397 INFO 12232 [egg:core] dump config after load, 6ms
2022-04-18 00:04:23,428 INFO 12232 [egg-watcher:application] watcher start success
2022-04-18 00:04:23,430 INFO 12232 [egg-mysql] instance[0] status OK, rds currentTime: Mon Apr 18 2022 00:04:23 GMT+0800 (中国标准时间)
2022-04-18 00:04:23,441 INFO 12232 [egg:core] dump config after ready, 9ms
2022-04-18 00:05:30,247 INFO 16136 [egg:logger] init all loggers with options: {"dir":"E:\\shopBackstage\\logs","encoding":"utf8","env":"local","level":"INFO","consoleLevel":"DEBUG","disableConsoleAfterReady":false,"outputJSON":false,"buffer":true,"appLogName":"shopBackstage-web.log","coreLogName":"egg-web.log","agentLogName":"egg-agent.log","errorLogName":"common-error.log","coreLogger":{"consoleLevel":"WARN"},"allowDebugAtProd":false,"enablePerformanceTimer":false,"type":"application"}
2022-04-18 00:05:30,278 INFO 16136 [egg-multipart] stream mode enable
2022-04-18 00:05:30,279 INFO 16136 [egg-mysql] connecting root@localhost:3306/kidsFurniture
2022-04-18 00:05:30,444 INFO 16136 [egg-static] starting static serve /public/ -> E:\shopBackstage\public
2022-04-18 00:05:30,446 INFO 16136 [egg-security] use methodnoallow middleware
2022-04-18 00:05:30,446 INFO 16136 [egg-security] use noopen middleware
2022-04-18 00:05:30,447 INFO 16136 [egg-security] use nosniff middleware
2022-04-18 00:05:30,448 INFO 16136 [egg-security] use xssProtection middleware
2022-04-18 00:05:30,448 INFO 16136 [egg-security] use xframe middleware
2022-04-18 00:05:30,449 INFO 16136 [egg-security] use dta middleware
2022-04-18 00:05:30,449 INFO 16136 [egg-security] compose 6 middlewares into one security middleware
2022-04-18 00:05:30,465 INFO 16136 [egg:core] dump config after load, 9ms
2022-04-18 00:05:30,498 INFO 16136 [egg-watcher:application] watcher start success
2022-04-18 00:05:30,501 INFO 16136 [egg-mysql] instance[0] status OK, rds currentTime: Mon Apr 18 2022 00:05:30 GMT+0800 (中国标准时间)
2022-04-18 00:05:30,511 INFO 16136 [egg:core] dump config after ready, 8ms
2022-04-18 00:16:24,809 INFO 6604 [egg:logger] init all loggers with options: {"dir":"E:\\shopBackstage\\logs","encoding":"utf8","env":"local","level":"INFO","consoleLevel":"DEBUG","disableConsoleAfterReady":false,"outputJSON":false,"buffer":true,"appLogName":"shopBackstage-web.log","coreLogName":"egg-web.log","agentLogName":"egg-agent.log","errorLogName":"common-error.log","coreLogger":{"consoleLevel":"WARN"},"allowDebugAtProd":false,"enablePerformanceTimer":false,"type":"application"}
2022-04-18 00:16:24,841 INFO 6604 [egg-multipart] stream mode enable
2022-04-18 00:16:24,843 INFO 6604 [egg-mysql] connecting root@localhost:3306/kidsFurniture
2022-04-18 00:16:25,018 INFO 6604 [egg-static] starting static serve /public/ -> E:\shopBackstage\public
2022-04-18 00:16:25,021 INFO 6604 [egg-security] use methodnoallow middleware
2022-04-18 00:16:25,022 INFO 6604 [egg-security] use noopen middleware
2022-04-18 00:16:25,027 INFO 6604 [egg-security] use nosniff middleware
2022-04-18 00:16:25,028 INFO 6604 [egg-security] use xssProtection middleware
2022-04-18 00:16:25,030 INFO 6604 [egg-security] use xframe middleware
2022-04-18 00:16:25,032 INFO 6604 [egg-security] use dta middleware
2022-04-18 00:16:25,032 INFO 6604 [egg-security] compose 6 middlewares into one security middleware
2022-04-18 00:16:25,053 INFO 6604 [egg:core] dump config after load, 10ms
2022-04-18 00:16:25,093 INFO 6604 [egg-watcher:application] watcher start success
2022-04-18 00:16:25,097 INFO 6604 [egg-mysql] instance[0] status OK, rds currentTime: Mon Apr 18 2022 00:16:25 GMT+0800 (中国标准时间)
2022-04-18 00:16:25,110 INFO 6604 [egg:core] dump config after ready, 10ms
2022-04-18 00:16:31,492 INFO 7412 [egg:logger] init all loggers with options: {"dir":"E:\\shopBackstage\\logs","encoding":"utf8","env":"local","level":"INFO","consoleLevel":"DEBUG","disableConsoleAfterReady":false,"outputJSON":false,"buffer":true,"appLogName":"shopBackstage-web.log","coreLogName":"egg-web.log","agentLogName":"egg-agent.log","errorLogName":"common-error.log","coreLogger":{"consoleLevel":"WARN"},"allowDebugAtProd":false,"enablePerformanceTimer":false,"type":"application"}
2022-04-18 00:16:31,526 INFO 7412 [egg-multipart] stream mode enable
2022-04-18 00:16:31,528 INFO 7412 [egg-mysql] connecting root@localhost:3306/kidsFurniture
2022-04-18 00:16:31,714 INFO 7412 [egg-static] starting static serve /public/ -> E:\shopBackstage\public
2022-04-18 00:16:31,717 INFO 7412 [egg-security] use methodnoallow middleware
2022-04-18 00:16:31,718 INFO 7412 [egg-security] use noopen middleware
2022-04-18 00:16:31,719 INFO 7412 [egg-security] use nosniff middleware
2022-04-18 00:16:31,720 INFO 7412 [egg-security] use xssProtection middleware
2022-04-18 00:16:31,720 INFO 7412 [egg-security] use xframe middleware
2022-04-18 00:16:31,721 INFO 7412 [egg-security] use dta middleware
2022-04-18 00:16:31,721 INFO 7412 [egg-security] compose 6 middlewares into one security middleware
2022-04-18 00:16:31,736 INFO 7412 [egg:core] dump config after load, 6ms
2022-04-18 00:16:31,767 INFO 7412 [egg-watcher:application] watcher start success
2022-04-18 00:16:31,782 INFO 7412 [egg-mysql] instance[0] status OK, rds currentTime: Mon Apr 18 2022 00:16:31 GMT+0800 (中国标准时间)
2022-04-18 00:16:31,798 INFO 7412 [egg:core] dump config after ready, 13ms
2022-04-18 00:17:14,178 INFO 7044 [egg:logger] init all loggers with options: {"dir":"E:\\shopBackstage\\logs","encoding":"utf8","env":"local","level":"INFO","consoleLevel":"DEBUG","disableConsoleAfterReady":false,"outputJSON":false,"buffer":true,"appLogName":"shopBackstage-web.log","coreLogName":"egg-web.log","agentLogName":"egg-agent.log","errorLogName":"common-error.log","coreLogger":{"consoleLevel":"WARN"},"allowDebugAtProd":false,"enablePerformanceTimer":false,"type":"application"}
2022-04-18 00:17:14,212 INFO 7044 [egg-multipart] stream mode enable
2022-04-18 00:17:14,213 INFO 7044 [egg-mysql] connecting root@localhost:3306/kidsFurniture
2022-04-18 00:17:14,408 INFO 7044 [egg-static] starting static serve /public/ -> E:\shopBackstage\public
2022-04-18 00:17:14,411 INFO 7044 [egg-security] use methodnoallow middleware
2022-04-18 00:17:14,411 INFO 7044 [egg-security] use noopen middleware
2022-04-18 00:17:14,412 INFO 7044 [egg-security] use nosniff middleware
2022-04-18 00:17:14,413 INFO 7044 [egg-security] use xssProtection middleware
2022-04-18 00:17:14,413 INFO 7044 [egg-security] use xframe middleware
2022-04-18 00:17:14,413 INFO 7044 [egg-security] use dta middleware
2022-04-18 00:17:14,414 INFO 7044 [egg-security] compose 6 middlewares into one security middleware
2022-04-18 00:17:14,428 INFO 7044 [egg:core] dump config after load, 7ms
2022-04-18 00:17:14,461 INFO 7044 [egg-watcher:application] watcher start success
2022-04-18 00:17:14,465 INFO 7044 [egg-mysql] instance[0] status OK, rds currentTime: Mon Apr 18 2022 00:17:14 GMT+0800 (中国标准时间)
2022-04-18 00:17:14,478 INFO 7044 [egg:core] dump config after ready, 11ms
